Connecting to database specified by database.yml
Connecting to database specified by database.yml


Started GET "/sip_users" for 127.0.0.1 at 2013-03-18 14:43:32 +0100
Connecting to database specified by database.yml
Processing by SipUsersController#index as HTML
ActiveRecord::JDBCError: query does not return ResultSet: PRAGMA table_info("sip_users")
Completed 500 Internal Server Error in 43ms

ActiveRecord::StatementInvalid (ActiveRecord::JDBCError: query does not return ResultSet: PRAGMA table_info("sip_users")):
  app/controllers/sip_users_controller.rb:5:in `index'


  Rendered /home/edin/projects/jruby-inst/jruby-1.7.2/lib/ruby/gems/shared/gems/actionpack-3.2.12/lib/action_dispatch/middleware/templates/rescues/_trace.erb (6.0ms)
  Rendered /home/edin/projects/jruby-inst/jruby-1.7.2/lib/ruby/gems/shared/gems/actionpack-3.2.12/lib/action_dispatch/middleware/templates/rescues/_request_and_response.erb (4.0ms)
  Rendered /home/edin/projects/jruby-inst/jruby-1.7.2/lib/ruby/gems/shared/gems/actionpack-3.2.12/lib/action_dispatch/middleware/templates/rescues/diagnostics.erb within rescues/layout (25.0ms)
Connecting to database specified by database.yml
  [1m[36m (0.0ms)[0m  [1mSELECT name FROM sqlite_master WHERE type = 'table' AND name = "schema_migrations"[0m
  [1m[35m (0.0ms)[0m  SELECT sqlite_version(*)
  [1m[36m (98.0ms)[0m  [1mCREATE TABLE "schema_migrations" ("version" varchar(255) NOT NULL) [0m
  [1m[35m (1.0ms)[0m  SELECT name, sql FROM sqlite_master WHERE tbl_name = "schema_migrations" AND type = 'index'
  [1m[36m (96.0ms)[0m  [1mCREATE UNIQUE INDEX "unique_schema_migrations" ON "schema_migrations" ("version")[0m
  [1m[35m (0.0ms)[0m  SELECT name FROM sqlite_master WHERE type = 'table' AND name = "schema_info"
  [1m[36m (0.0ms)[0m  [1mSELECT name FROM sqlite_master WHERE type = 'table' AND name = "schema_migrations"[0m
  [1m[35m (0.0ms)[0m  SELECT "schema_migrations"."version" FROM "schema_migrations" 
Migrating to CreateSipUsers (20130318132942)
  [1m[36m (0.0ms)[0m  [1mCREATE TABLE "sip_users" ("id" integer PRIMARY KEY AUTOINCREMENT NOT NULL, "user_name" varchar(255), "first_name" varchar(255), "last_name" varchar(255), "created_at" datetime NOT NULL, "updated_at" datetime NOT NULL) [0m
  [1m[35m (0.0ms)[0m  INSERT INTO "schema_migrations" ("version") VALUES ('20130318132942')
Migrating to CreateRegistrations (20130318133026)
  [1m[36m (1.0ms)[0m  [1mCREATE TABLE "registrations" ("id" integer PRIMARY KEY AUTOINCREMENT NOT NULL, "location" varchar(255), "sip_user_id" integer, "created_at" datetime NOT NULL, "updated_at" datetime NOT NULL) [0m
  [1m[35m (0.0ms)[0m  SELECT name, sql FROM sqlite_master WHERE tbl_name = "registrations" AND type = 'index'
  [1m[36m (1.0ms)[0m  [1mCREATE INDEX "index_registrations_on_sip_user_id" ON "registrations" ("sip_user_id")[0m
  [1m[35m (0.0ms)[0m  INSERT INTO "schema_migrations" ("version") VALUES ('20130318133026')
  [1m[36m (1.0ms)[0m  [1mSELECT name FROM sqlite_master WHERE type = 'table' AND name = "schema_migrations"[0m
  [1m[35m (0.0ms)[0m  SELECT "schema_migrations"."version" FROM "schema_migrations" 
  [1m[36m (0.0ms)[0m  [1mSELECT name FROM sqlite_master WHERE type = 'table' AND NOT name = 'sqlite_sequence'[0m
  [1m[35m (0.0ms)[0m  SELECT name, sql FROM sqlite_master WHERE tbl_name = "registrations" AND type = 'index'
  [1m[36m (0.0ms)[0m  [1mSELECT name, sql FROM sqlite_master WHERE tbl_name = "sip_users" AND type = 'index'[0m


Started GET "/sip_users" for 127.0.0.1 at 2013-03-18 14:46:16 +0100
Connecting to database specified by database.yml
Processing by SipUsersController#index as HTML
  [1m[36m (0.0ms)[0m  [1mSELECT name FROM sqlite_master WHERE type = 'table' AND name = "sip_users"[0m
  [1m[35mSipUser Load (0.0ms)[0m  SELECT "sip_users".* FROM "sip_users" 
  Rendered sip_users/index.html.erb within layouts/application (8.0ms)
Compiled scaffolds.css  (233ms)  (pid 6945)
Compiled sip_users.css  (13ms)  (pid 6945)
Compiled application.css  (358ms)  (pid 6945)
Compiled jquery.js  (9ms)  (pid 6945)
Compiled jquery_ujs.js  (2ms)  (pid 6945)
Compiled sip_users.js  (1011ms)  (pid 6945)
Compiled application.js  (1218ms)  (pid 6945)
Completed 200 OK in 1941ms (Views: 1894.0ms | ActiveRecord: 2.0ms)


Started GET "/assets/scaffolds.css?body=1" for 127.0.0.1 at 2013-03-18 14:46:19 +0100
Served asset /scaffolds.css - 200 OK (15ms)


Started GET "/assets/application.css?body=1" for 127.0.0.1 at 2013-03-18 14:46:19 +0100
Served asset /application.css - 200 OK (24ms)


Started GET "/assets/sip_users.css?body=1" for 127.0.0.1 at 2013-03-18 14:46:19 +0100
Served asset /sip_users.css - 200 OK (7ms)


Started GET "/assets/sip_users.js?body=1" for 127.0.0.1 at 2013-03-18 14:46:19 +0100
Served asset /sip_users.js - 200 OK (6ms)


Started GET "/assets/jquery.js?body=1" for 127.0.0.1 at 2013-03-18 14:46:19 +0100
Served asset /jquery.js - 200 OK (10ms)


Started GET "/assets/jquery_ujs.js?body=1" for 127.0.0.1 at 2013-03-18 14:46:19 +0100
Served asset /jquery_ujs.js - 200 OK (9ms)


Started GET "/assets/application.js?body=1" for 127.0.0.1 at 2013-03-18 14:46:19 +0100
Served asset /application.js - 200 OK (39ms)


Started GET "/sip_users/new" for 127.0.0.1 at 2013-03-18 14:46:26 +0100
Processing by SipUsersController#new as HTML
  Rendered sip_users/_form.html.erb (117.0ms)
  Rendered sip_users/new.html.erb within layouts/application (141.0ms)
Completed 200 OK in 187ms (Views: 161.0ms | ActiveRecord: 0.0ms)


Started POST "/sip_users" for 127.0.0.1 at 2013-03-18 14:46:49 +0100
Processing by SipUsersController#create as HTML
  Parameters: {"utf8"=>"✓", "authenticity_token"=>"EBNkCE8T1QOgtA7sDh1B7Tl2tlL8+JTaO2BVI25fmq0=", "sip_user"=>{"user_name"=>"joe", "first_name"=>"Joe", "last_name"=>"High"}, "commit"=>"Create Sip user"}
  [1m[36mSQL (0.0ms)[0m  [1mINSERT INTO "sip_users" ("created_at", "first_name", "last_name", "updated_at", "user_name") VALUES ('2013-03-18 13:46:49.981000', 'Joe', 'High', '2013-03-18 13:46:49.981000', 'joe')[0m
Redirected to http://localhost:3000/sip_users/1
Completed 302 Found in 133ms (ActiveRecord: 0.0ms)


Started GET "/sip_users/1" for 127.0.0.1 at 2013-03-18 14:46:50 +0100
Processing by SipUsersController#show as HTML
  Parameters: {"id"=>"1"}
  [1m[35mSipUser Load (0.0ms)[0m  SELECT "sip_users".* FROM "sip_users" WHERE "sip_users"."id" = 1 LIMIT 1
  Rendered sip_users/show.html.erb within layouts/application (5.0ms)
Completed 200 OK in 34ms (Views: 25.0ms | ActiveRecord: 0.0ms)


Started GET "/sip_users" for 127.0.0.1 at 2013-03-18 14:46:53 +0100
Processing by SipUsersController#index as HTML
  [1m[36mSipUser Load (0.0ms)[0m  [1mSELECT "sip_users".* FROM "sip_users" [0m
  Rendered sip_users/index.html.erb within layouts/application (6.0ms)
Completed 200 OK in 30ms (Views: 26.0ms | ActiveRecord: 0.0ms)
Connecting to database specified by database.yml
Connecting to database specified by database.yml
Connecting to database specified by database.yml
Connecting to database specified by database.yml
Connecting to database specified by database.yml
  [1m[36m (1.0ms)[0m  [1mSELECT name FROM sqlite_master WHERE type = 'table' AND name = "schema_migrations"[0m
  [1m[35m (1.0ms)[0m  SELECT sqlite_version(*)
  [1m[36m (111.0ms)[0m  [1mCREATE TABLE "schema_migrations" ("version" varchar(255) NOT NULL) [0m
  [1m[35m (1.0ms)[0m  SELECT name, sql FROM sqlite_master WHERE tbl_name = "schema_migrations" AND type = 'index'
  [1m[36m (95.0ms)[0m  [1mCREATE UNIQUE INDEX "unique_schema_migrations" ON "schema_migrations" ("version")[0m
  [1m[35m (0.0ms)[0m  SELECT name FROM sqlite_master WHERE type = 'table' AND name = "schema_info"
  [1m[36m (0.0ms)[0m  [1mSELECT name FROM sqlite_master WHERE type = 'table' AND name = "schema_migrations"[0m
  [1m[35m (0.0ms)[0m  SELECT "schema_migrations"."version" FROM "schema_migrations" 
Migrating to CreateSipUsers (20130318132942)
  [1m[36m (0.0ms)[0m  [1mCREATE TABLE "sip_users" ("id" integer PRIMARY KEY AUTOINCREMENT NOT NULL, "user_name" varchar(255), "first_name" varchar(255), "last_name" varchar(255), "created_at" datetime NOT NULL, "updated_at" datetime NOT NULL) [0m
  [1m[35m (1.0ms)[0m  INSERT INTO "schema_migrations" ("version") VALUES ('20130318132942')
Migrating to CreateRegistrations (20130318133026)
  [1m[36m (0.0ms)[0m  [1mCREATE TABLE "registrations" ("id" integer PRIMARY KEY AUTOINCREMENT NOT NULL, "location" varchar(255), "sip_user_id" integer, "created_at" datetime NOT NULL, "updated_at" datetime NOT NULL) [0m
  [1m[35m (0.0ms)[0m  SELECT name, sql FROM sqlite_master WHERE tbl_name = "registrations" AND type = 'index'
  [1m[36m (0.0ms)[0m  [1mCREATE INDEX "index_registrations_on_sip_user_id" ON "registrations" ("sip_user_id")[0m
  [1m[35m (1.0ms)[0m  INSERT INTO "schema_migrations" ("version") VALUES ('20130318133026')
  [1m[36m (0.0ms)[0m  [1mSELECT name FROM sqlite_master WHERE type = 'table' AND name = "schema_migrations"[0m
  [1m[35m (0.0ms)[0m  SELECT "schema_migrations"."version" FROM "schema_migrations" 
  [1m[36m (0.0ms)[0m  [1mSELECT name FROM sqlite_master WHERE type = 'table' AND NOT name = 'sqlite_sequence'[0m
  [1m[35m (0.0ms)[0m  SELECT name, sql FROM sqlite_master WHERE tbl_name = "registrations" AND type = 'index'
  [1m[36m (0.0ms)[0m  [1mSELECT name, sql FROM sqlite_master WHERE tbl_name = "sip_users" AND type = 'index'[0m
Connecting to database specified by database.yml
